mode: set
ropc-service/repositories/client_repository.go:17.50,19.2 1 0
ropc-service/repositories/client_repository.go:21.81,26.16 3 0
ropc-service/repositories/client_repository.go:26.16,28.3 1 0
ropc-service/repositories/client_repository.go:30.2,30.21 1 0
ropc-service/repositories/db_init.go:19.23,22.16 2 0
ropc-service/repositories/db_init.go:22.16,24.3 1 0
ropc-service/repositories/db_init.go:26.2,35.16 8 0
ropc-service/repositories/db_init.go:35.16,37.3 1 0
ropc-service/repositories/db_init.go:39.2,40.16 2 0
ropc-service/repositories/db_init.go:40.16,42.3 1 0
ropc-service/repositories/db_init.go:44.2,44.41 1 0
ropc-service/repositories/db_init.go:47.33,66.2 5 0
ropc-service/repositories/user_repository.go:18.46,22.2 1 0
ropc-service/repositories/user_repository.go:24.84,28.16 3 0
ropc-service/repositories/user_repository.go:28.16,31.3 2 0
ropc-service/repositories/user_repository.go:33.2,33.19 1 0
ropc-service/handlers/authentication_handler.go:12.39,18.16 3 0
ropc-service/handlers/authentication_handler.go:18.16,22.3 3 0
ropc-service/handlers/authentication_handler.go:24.2,39.16 6 0
ropc-service/handlers/authentication_handler.go:39.16,42.3 2 0
ropc-service/handlers/authentication_handler.go:44.2,47.4 1 0
ropc-service/services/authentication_service.go:18.152,23.2 1 1
ropc-service/services/authentication_service.go:25.115,28.16 2 1
ropc-service/services/authentication_service.go:28.16,30.3 1 1
ropc-service/services/authentication_service.go:32.2,33.16 2 1
ropc-service/services/authentication_service.go:33.16,35.3 1 1
ropc-service/services/authentication_service.go:37.2,38.16 2 1
ropc-service/services/authentication_service.go:38.16,40.3 1 1
ropc-service/services/authentication_service.go:42.2,42.46 1 0
ropc-service/services/client_authenticator.go:18.60,22.2 1 0
ropc-service/services/client_authenticator.go:24.101,27.16 2 1
ropc-service/services/client_authenticator.go:27.16,29.3 1 1
ropc-service/services/client_authenticator.go:31.2,31.150 1 1
ropc-service/services/client_authenticator.go:31.150,33.3 1 1
ropc-service/services/client_authenticator.go:35.2,35.20 1 1
ropc-service/services/user_authenticator.go:18.56,22.2 1 0
ropc-service/services/user_authenticator.go:24.93,28.16 2 1
ropc-service/services/user_authenticator.go:28.16,30.3 1 1
ropc-service/services/user_authenticator.go:32.2,32.140 1 1
ropc-service/services/user_authenticator.go:32.140,34.3 1 1
ropc-service/services/user_authenticator.go:36.2,36.18 1 1
ropc-service/services/utils.go:22.59,24.16 2 1
ropc-service/services/utils.go:24.16,26.3 1 1
ropc-service/services/utils.go:27.2,27.46 1 1
ropc-service/services/utils.go:30.92,35.16 4 1
ropc-service/services/utils.go:35.16,37.3 1 1
ropc-service/services/utils.go:39.2,44.62 5 0
