mode: set
ropc-service/handlers/authentication_handler.go:14.39,20.16 3 0
ropc-service/handlers/authentication_handler.go:20.16,24.3 3 0
ropc-service/handlers/authentication_handler.go:26.2,44.16 8 0
ropc-service/handlers/authentication_handler.go:44.16,47.3 2 0
ropc-service/handlers/authentication_handler.go:49.2,52.4 1 0
ropc-service/handlers/user_handler.go:12.35,17.16 3 0
ropc-service/handlers/user_handler.go:17.16,20.3 2 0
ropc-service/handlers/user_handler.go:22.2,26.16 4 0
ropc-service/handlers/user_handler.go:26.16,32.3 2 0
ropc-service/handlers/user_handler.go:34.2,37.4 1 0
ropc-service/repositories/client_repository.go:19.50,21.2 1 0
ropc-service/repositories/client_repository.go:23.84,28.16 3 0
ropc-service/repositories/client_repository.go:28.16,30.3 1 0
ropc-service/repositories/client_repository.go:32.2,32.21 1 0
ropc-service/repositories/client_repository.go:35.62,42.2 3 0
ropc-service/repositories/user_repository.go:21.46,25.2 1 0
ropc-service/repositories/user_repository.go:27.82,31.16 3 0
ropc-service/repositories/user_repository.go:31.16,34.3 2 0
ropc-service/repositories/user_repository.go:36.2,36.18 1 0
ropc-service/repositories/user_repository.go:39.89,42.16 2 0
ropc-service/repositories/user_repository.go:42.16,45.3 2 0
ropc-service/repositories/user_repository.go:47.2,47.18 1 0
ropc-service/repositories/user_repository.go:50.106,55.16 3 0
ropc-service/repositories/user_repository.go:55.16,57.3 1 0
ropc-service/repositories/user_repository.go:59.2,59.19 1 0
ropc-service/services/authentication_service.go:19.138,24.2 1 1
ropc-service/services/authentication_service.go:26.107,29.16 2 1
ropc-service/services/authentication_service.go:29.16,31.3 1 1
ropc-service/services/authentication_service.go:33.2,34.16 2 1
ropc-service/services/authentication_service.go:34.16,36.3 1 1
ropc-service/services/authentication_service.go:38.2,39.16 2 0
ropc-service/services/authentication_service.go:39.16,41.3 1 0
ropc-service/services/authentication_service.go:43.2,45.19 2 0
ropc-service/services/user_service.go:18.81,20.2 1 1
ropc-service/services/user_service.go:22.89,23.25 1 1
ropc-service/services/user_service.go:23.25,25.3 1 1
ropc-service/services/user_service.go:27.2,27.25 1 1
ropc-service/services/user_service.go:27.25,29.3 1 1
ropc-service/services/user_service.go:31.2,31.22 1 1
ropc-service/services/user_service.go:31.22,33.3 1 1
ropc-service/services/user_service.go:35.2,37.25 2 1
ropc-service/services/user_service.go:37.25,38.45 1 1
ropc-service/services/user_service.go:38.45,40.4 1 1
ropc-service/services/user_service.go:42.3,42.39 1 1
ropc-service/services/user_service.go:42.39,44.4 1 1
ropc-service/services/user_service.go:48.2,52.16 4 1
ropc-service/services/user_service.go:52.16,54.3 1 0
ropc-service/services/user_service.go:56.2,56.21 1 1
ropc-service/authenticators/client_authenticator.go:24.100,28.2 1 0
ropc-service/authenticators/client_authenticator.go:30.104,32.41 1 1
ropc-service/authenticators/client_authenticator.go:32.41,35.17 2 1
ropc-service/authenticators/client_authenticator.go:35.17,37.4 1 1
ropc-service/authenticators/client_authenticator.go:39.3,39.11 1 1
ropc-service/authenticators/client_authenticator.go:39.11,42.4 1 1
ropc-service/authenticators/client_authenticator.go:44.3,44.79 1 1
ropc-service/authenticators/client_authenticator.go:47.2,48.16 2 1
ropc-service/authenticators/client_authenticator.go:48.16,51.3 2 1
ropc-service/authenticators/client_authenticator.go:53.2,53.150 1 1
ropc-service/authenticators/client_authenticator.go:53.150,56.3 2 1
ropc-service/authenticators/client_authenticator.go:58.2,58.20 1 1
ropc-service/authenticators/user_authenticator.go:19.98,23.2 1 0
ropc-service/authenticators/user_authenticator.go:25.96,29.16 2 1
ropc-service/authenticators/user_authenticator.go:29.16,32.3 2 1
ropc-service/authenticators/user_authenticator.go:34.2,34.140 1 1
ropc-service/authenticators/user_authenticator.go:34.140,37.3 2 1
ropc-service/authenticators/user_authenticator.go:39.2,39.18 1 1
